#
# There is insufficient memory for the Java Runtime Environment to continue.
# Native memory allocation (malloc) failed to allocate 1081056 bytes for Chunk::new
# Possible reasons:
#   The system is out of physical RAM or swap space
#   In 32 bit mode, the process size limit was hit
# Possible solutions:
#   Reduce memory load on the system
#   Increase physical memory or swap space
#   Check if swap backing store is full
#   Use 64 bit Java on a 64 bit OS
#   Decrease Java heap size (-Xmx/-Xms)
#   Decrease number of Java threads
#   Decrease Java thread stack sizes (-Xss)
#   Set larger code cache with -XX:ReservedCodeCacheSize=
# This output file may be truncated or incomplete.
#
#  Out of Memory Error (allocation.cpp:323), pid=21376, tid=20712
#
# JRE version: Java(TM) SE Runtime Environment (7.0_45-b18) (build 1.7.0_45-b18)
# Java VM: Java HotSpot(TM) 64-Bit Server VM (24.45-b08 mixed mode windows-amd64 compressed oops)
# Failed to write core dump. Minidumps are not enabled by default on client versions of Windows
#

---------------  T H R E A D  ---------------

Current thread (0x00000000086a7800):  JavaThread "C2 CompilerThread1" daemon [_thread_in_native, id=20712, stack(0x000000000a010000,0x000000000a110000)]

Stack: [0x000000000a010000,0x000000000a110000]

Current CompileTask:
C2:   6073  819   !         com.android.dx.cf.code.RopperMachine::run (1550 bytes)


---------------  P R O C E S S  ---------------

Java Threads: ( => current thread )
  0x000000000a538000 JavaThread "pool-1-thread-4" [_thread_in_Java, id=17256, stack(0x000000000aef0000,0x000000000aff0000)]
  0x000000000a537000 JavaThread "pool-1-thread-3" [_thread_blocked, id=19552, stack(0x000000000ad50000,0x000000000ae50000)]
  0x000000000a2fe800 JavaThread "pool-1-thread-2" [_thread_in_vm, id=19124, stack(0x000000000ab20000,0x000000000ac20000)]
  0x000000000a372800 JavaThread "pool-2-thread-1" [_thread_blocked, id=20288, stack(0x000000000a630000,0x000000000a730000)]
  0x000000000a338800 JavaThread "pool-1-thread-1" [_thread_blocked, id=6168, stack(0x000000000a930000,0x000000000aa30000)]
  0x00000000086a8800 JavaThread "Service Thread" daemon [_thread_blocked, id=8752, stack(0x0000000009f10000,0x000000000a010000)]
=>0x00000000086a7800 JavaThread "C2 CompilerThread1" daemon [_thread_in_native, id=20712, stack(0x000000000a010000,0x000000000a110000)]
  0x00000000086a2800 JavaThread "C2 CompilerThread0" daemon [_thread_in_native, id=19848, stack(0x0000000009d80000,0x0000000009e80000)]
  0x00000000086a0000 JavaThread "Attach Listener" daemon [_thread_blocked, id=20720, stack(0x0000000009bd0000,0x0000000009cd0000)]
  0x000000000869f000 JavaThread "Signal Dispatcher" daemon [_thread_blocked, id=17172, stack(0x00000000095c0000,0x00000000096c0000)]
  0x000000000862e000 JavaThread "Finalizer" daemon [_thread_blocked, id=20360, stack(0x00000000099d0000,0x0000000009ad0000)]
  0x000000000862a800 JavaThread "Reference Handler" daemon [_thread_blocked, id=3052, stack(0x00000000098b0000,0x00000000099b0000)]
  0x000000000241f000 JavaThread "main" [_thread_blocked, id=5400, stack(0x0000000002840000,0x0000000002940000)]

Other Threads:
  0x0000000008627000 VMThread [stack: 0x0000000009710000,0x0000000009810000] [id=20172]
  0x00000000086a9800 WatcherThread [stack: 0x000000000a120000,0x000000000a220000] [id=17280]

VM state:not at safepoint (normal execution)

VM Mutex/Monitor currently owned by a thread: None

Heap
 PSYoungGen      total 288768K, used 190953K [0x00000000eaa80000, 0x00000000fe880000, 0x0000000100000000)
  eden space 262656K, 63% used [0x00000000eaa80000,0x00000000f4dfe418,0x00000000fab00000)
  from space 26112K, 90% used [0x00000000fc800000,0x00000000fdefc1f0,0x00000000fe180000)
  to   space 29696K, 0% used [0x00000000fab00000,0x00000000fab00000,0x00000000fc800000)
 ParOldGen       total 86528K, used 42744K [0x00000000c0000000, 0x00000000c5480000, 0x00000000eaa80000)
  object space 86528K, 49% used [0x00000000c0000000,0x00000000c29be340,0x00000000c5480000)
 PSPermGen       total 21504K, used 6098K [0x00000000bae00000, 0x00000000bc300000, 0x00000000c0000000)
  object space 21504K, 28% used [0x00000000bae00000,0x00000000bb3f4ae8,0x00000000bc300000)

Card table byte_map: [0x0000000005940000,0x0000000005b70000] byte_map_base: 0x0000000005369000

Polling page: 0x0000000000330000

Code Cache  [0x0000000002940000, 0x0000000002c50000, 0x0000000005940000)
 total_blobs=1032 nmethods=793 adapters=191 free_code_cache=46399Kb largest_free_block=47164736

Compilation events (10 events):
Event: 6.026 Thread 0x00000000086a2800  817             com.android.dx.cf.code.ConcreteMethod::getMaxLocals (8 bytes)
Event: 6.026 Thread 0x00000000086a7800  818             com.android.dx.cf.code.Ropper::access$100 (5 bytes)
Event: 6.026 Thread 0x00000000086a7800 nmethod 818 0x0000000002b739d0 code [0x0000000002b73b00, 0x0000000002b73b58]
Event: 6.026 Thread 0x00000000086a2800 nmethod 817 0x0000000002a57a90 code [0x0000000002a57bc0, 0x0000000002a57c18]
Event: 6.033 Thread 0x00000000086a7800  819   !         com.android.dx.cf.code.RopperMachine::run (1550 bytes)
Event: 6.044 Thread 0x00000000086a2800  820 % !         com.android.dx.cf.code.Ropper::processBlock @ 1035 (1101 bytes)
Event: 6.056 Thread 0x00000000086a2800 nmethod 820% 0x0000000002acc290 code [0x0000000002acc440, 0x0000000002acccd8]
Event: 6.056 Thread 0x00000000086a2800  821  s          com.android.dx.dex.file.MethodIdsSection::intern (55 bytes)
Event: 6.063 Thread 0x00000000086a2800 nmethod 821 0x0000000002ba3e90 code [0x0000000002ba4020, 0x0000000002ba4750]
Event: 6.063 Thread 0x00000000086a2800  822 % !         com.android.dx.cf.code.Ropper::processBlock @ 290 (1101 bytes)

GC Heap History (10 events):
Event: 1.751 GC heap before
{Heap before GC invocations=2 (full 0):
 PSYoungGen      total 38400K, used 38391K [0x00000000eaa80000, 0x00000000ef580000, 0x0000000100000000)
  eden space 33280K, 100% used [0x00000000eaa80000,0x00000000ecb00000,0x00000000ecb00000)
  from space 5120K, 99% used [0x00000000ecb00000,0x00000000ecffdf58,0x00000000ed000000)
  to   space 5120K, 0% used [0x00000000ef080000,0x00000000ef080000,0x00000000ef580000)
 ParOldGen       total 86528K, used 275K [0x00000000c0000000, 0x00000000c5480000, 0x00000000eaa80000)
  object space 86528K, 0% used [0x00000000c0000000,0x00000000c0044cd8,0x00000000c5480000)
 PSPermGen       total 21504K, used 5872K [0x00000000bae00000, 0x00000000bc300000, 0x00000000c0000000)
  object space 21504K, 27% used [0x00000000bae00000,0x00000000bb3bc0f8,0x00000000bc300000)
Event: 1.792 GC heap after
Heap after GC invocations=2 (full 0):
 PSYoungGen      total 71680K, used 5114K [0x00000000eaa80000, 0x00000000ef580000, 0x0000000100000000)
  eden space 66560K, 0% used [0x00000000eaa80000,0x00000000eaa80000,0x00000000eeb80000)
  from space 5120K, 99% used [0x00000000ef080000,0x00000000ef57eaa8,0x00000000ef580000)
  to   space 5120K, 0% used [0x00000000eeb80000,0x00000000eeb80000,0x00000000ef080000)
 ParOldGen       total 86528K, used 4117K [0x00000000c0000000, 0x00000000c5480000, 0x00000000eaa80000)
  object space 86528K, 4% used [0x00000000c0000000,0x00000000c0405708,0x00000000c5480000)
 PSPermGen       total 21504K, used 5872K [0x00000000bae00000, 0x00000000bc300000, 0x00000000c0000000)
  object space 21504K, 27% used [0x00000000bae00000,0x00000000bb3bc0f8,0x00000000bc300000)
}
Event: 2.342 GC heap before
{Heap before GC invocations=3 (full 0):
 PSYoungGen      total 71680K, used 71674K [0x00000000eaa80000, 0x00000000ef580000, 0x0000000100000000)
  eden space 66560K, 100% used [0x00000000eaa80000,0x00000000eeb80000,0x00000000eeb80000)
  from space 5120K, 99% used [0x00000000ef080000,0x00000000ef57eaa8,0x00000000ef580000)
  to   space 5120K, 0% used [0x00000000eeb80000,0x00000000eeb80000,0x00000000ef080000)
 ParOldGen       total 86528K, used 4117K [0x00000000c0000000, 0x00000000c5480000, 0x00000000eaa80000)
  object space 86528K, 4% used [0x00000000c0000000,0x00000000c0405708,0x00000000c5480000)
 PSPermGen       total 21504K, used 5944K [0x00000000bae00000, 0x00000000bc300000, 0x00000000c0000000)
  object space 21504K, 27% used [0x00000000bae00000,0x00000000bb3ce388,0x00000000bc300000)
Event: 2.389 GC heap after
Heap after GC invocations=3 (full 0):
 PSYoungGen      total 71680K, used 5114K [0x00000000eaa80000, 0x00000000f3680000, 0x0000000100000000)
  eden space 66560K, 0% used [0x00000000eaa80000,0x00000000eaa80000,0x00000000eeb80000)
  from space 5120K, 99% used [0x00000000eeb80000,0x00000000ef07eac8,0x00000000ef080000)
  to   space 5120K, 0% used [0x00000000f3180000,0x00000000f3180000,0x00000000f3680000)
 ParOldGen       total 86528K, used 15296K [0x00000000c0000000, 0x00000000c5480000, 0x00000000eaa80000)
  object space 86528K, 17% used [0x00000000c0000000,0x00000000c0ef0090,0x00000000c5480000)
 PSPermGen       total 21504K, used 5944K [0x00000000bae00000, 0x00000000bc300000, 0x00000000c0000000)
  object space 21504K, 27% used [0x00000000bae00000,0x00000000bb3ce388,0x00000000bc300000)
}
Event: 3.079 GC heap before
{Heap before GC invocations=4 (full 0):
 PSYoungGen      total 71680K, used 71674K [0x00000000eaa80000, 0x00000000f3680000, 0x0000000100000000)
  eden space 66560K, 100% used [0x00000000eaa80000,0x00000000eeb80000,0x00000000eeb80000)
  from space 5120K, 99% used [0x00000000eeb80000,0x00000000ef07eac8,0x00000000ef080000)
  to   space 5120K, 0% used [0x00000000f3180000,0x00000000f3180000,0x00000000f3680000)
 ParOldGen       total 86528K, used 15296K [0x00000000c0000000, 0x00000000c5480000, 0x00000000eaa80000)
  object space 86528K, 17% used [0x00000000c0000000,0x00000000c0ef0090,0x00000000c5480000)
 PSPermGen       total 21504K, used 5989K [0x00000000bae00000, 0x00000000bc300000, 0x00000000c0000000)
  object space 21504K, 27% used [0x00000000bae00000,0x00000000bb3d9648,0x00000000bc300000)
Event: 3.101 GC heap after
Heap after GC invocations=4 (full 0):
 PSYoungGen      total 138240K, used 5116K [0x00000000eaa80000, 0x00000000f3680000, 0x0000000100000000)
  eden space 133120K, 0% used [0x00000000eaa80000,0x00000000eaa80000,0x00000000f2c80000)
  from space 5120K, 99% used [0x00000000f3180000,0x00000000f367f380,0x00000000f3680000)
  to   space 5120K, 0% used [0x00000000f2c80000,0x00000000f2c80000,0x00000000f3180000)
 ParOldGen       total 86528K, used 25583K [0x00000000c0000000, 0x00000000c5480000, 0x00000000eaa80000)
  object space 86528K, 29% used [0x00000000c0000000,0x00000000c18fbd38,0x00000000c5480000)
 PSPermGen       total 21504K, used 5989K [0x00000000bae00000, 0x00000000bc300000, 0x00000000c0000000)
  object space 21504K, 27% used [0x00000000bae00000,0x00000000bb3d9648,0x00000000bc300000)
}
Event: 3.878 GC heap before
{Heap before GC invocations=5 (full 0):
 PSYoungGen      total 138240K, used 138236K [0x00000000eaa80000, 0x00000000f3680000, 0x0000000100000000)
  eden space 133120K, 100% used [0x00000000eaa80000,0x00000000f2c80000,0x00000000f2c80000)
  from space 5120K, 99% used [0x00000000f3180000,0x00000000f367f380,0x00000000f3680000)
  to   space 5120K, 0% used [0x00000000f2c80000,0x00000000f2c80000,0x00000000f3180000)
 ParOldGen       total 86528K, used 25583K [0x00000000c0000000, 0x00000000c5480000, 0x00000000eaa80000)
  object space 86528K, 29% used [0x00000000c0000000,0x00000000c18fbd38,0x00000000c5480000)
 PSPermGen       total 21504K, used 6015K [0x00000000bae00000, 0x00000000bc300000, 0x00000000c0000000)
  object space 21504K, 27% used [0x00000000bae00000,0x00000000bb3dfcd0,0x00000000bc300000)
Event: 3.921 GC heap after
Heap after GC invocations=5 (full 0):
 PSYoungGen      total 138240K, used 5091K [0x00000000eaa80000, 0x00000000fe180000, 0x0000000100000000)
  eden space 133120K, 0% used [0x00000000eaa80000,0x00000000eaa80000,0x00000000f2c80000)
  from space 5120K, 99% used [0x00000000f2c80000,0x00000000f3178d78,0x00000000f3180000)
  to   space 26112K, 0% used [0x00000000fc800000,0x00000000fc800000,0x00000000fe180000)
 ParOldGen       total 86528K, used 42744K [0x00000000c0000000, 0x00000000c5480000, 0x00000000eaa80000)
  object space 86528K, 49% used [0x00000000c0000000,0x00000000c29be340,0x00000000c5480000)
 PSPermGen       total 21504K, used 6015K [0x00000000bae00000, 0x00000000bc300000, 0x00000000c0000000)
  object space 21504K, 27% used [0x00000000bae00000,0x00000000bb3dfcd0,0x00000000bc300000)
}
Event: 4.498 GC heap before
{Heap before GC invocations=6 (full 0):
 PSYoungGen      total 138240K, used 138211K [0x00000000eaa80000, 0x00000000fe180000, 0x0000000100000000)
  eden space 133120K, 100% used [0x00000000eaa80000,0x00000000f2c80000,0x00000000f2c80000)
  from space 5120K, 99% used [0x00000000f2c80000,0x00000000f3178d78,0x00000000f3180000)
  to   space 26112K, 0% used [0x00000000fc800000,0x00000000fc800000,0x00000000fe180000)
 ParOldGen       total 86528K, used 42744K [0x00000000c0000000, 0x00000000c5480000, 0x00000000eaa80000)
  object space 86528K, 49% used [0x00000000c0000000,0x00000000c29be340,0x00000000c5480000)
 PSPermGen       total 21504K, used 6069K [0x00000000bae00000, 0x00000000bc300000, 0x00000000c0000000)
  object space 21504K, 28% used [0x00000000bae00000,0x00000000bb3ed578,0x00000000bc300000)
Event: 4.538 GC heap after
Heap after GC invocations=6 (full 0):
 PSYoungGen      total 288768K, used 23536K [0x00000000eaa80000, 0x00000000fe880000, 0x0000000100000000)
  eden space 262656K, 0% used [0x00000000eaa80000,0x00000000eaa80000,0x00000000fab00000)
  from space 26112K, 90% used [0x00000000fc800000,0x00000000fdefc1f0,0x00000000fe180000)
  to   space 29696K, 0% used [0x00000000fab00000,0x00000000fab00000,0x00000000fc800000)
 ParOldGen       total 86528K, used 42744K [0x00000000c0000000, 0x00000000c5480000, 0x00000000eaa80000)
  object space 86528K, 49% used [0x00000000c0000000,0x00000000c29be340,0x00000000c5480000)
 PSPermGen       total 21504K, used 6069K [0x00000000bae00000, 0x00000000bc300000, 0x00000000c0000000)
  object space 21504K, 28% used [0x00000000bae00000,0x00000000bb3ed578,0x00000000bc300000)
}

Deoptimization events (10 events):
Event: 6.032 Thread 0x000000000a537000 Uncommon trap: reason=class_check action=maybe_recompile pc=0x0000000002bc69d0 method=com.android.dx.cf.code.Frame.copy()Lcom/android/dx/cf/code/Frame; @ 8
Event: 6.032 Thread 0x000000000a537000 Uncommon trap: reason=class_check action=maybe_recompile pc=0x0000000002a89fb4 method=com.android.dx.cf.code.BaseMachine.storeResults(Lcom/android/dx/cf/code/Frame;)V @ 41
Event: 6.032 Thread 0x000000000a537000 Uncommon trap: reason=class_check action=maybe_recompile pc=0x0000000002c43bd8 method=com.android.dx.cf.code.BaseMachine.localArg(Lcom/android/dx/cf/code/Frame;I)V @ 14
Event: 6.032 Thread 0x000000000a537000 Uncommon trap: reason=class_check action=maybe_recompile pc=0x0000000002c43bd8 method=com.android.dx.cf.code.BaseMachine.localArg(Lcom/android/dx/cf/code/Frame;I)V @ 14
Event: 6.032 Thread 0x000000000a537000 Uncommon trap: reason=class_check action=maybe_recompile pc=0x0000000002b9d0f8 method=com.android.dx.cf.code.Frame.setImmutable()V @ 4
Event: 6.032 Thread 0x000000000a537000 Uncommon trap: reason=class_check action=maybe_recompile pc=0x0000000002c43bd8 method=com.android.dx.cf.code.BaseMachine.localArg(Lcom/android/dx/cf/code/Frame;I)V @ 14
Event: 6.032 Thread 0x000000000a537000 Uncommon trap: reason=class_check action=maybe_recompile pc=0x0000000002bd0f30 method=com.android.dx.cf.code.BaseMachine.localArg(Lcom/android/dx/cf/code/Frame;I)V @ 14
Event: 6.033 Thread 0x000000000a537000 Uncommon trap: reason=null_assert action=make_not_entrant pc=0x0000000002c28370 method=com.android.dx.cf.code.RopperMachine.run(Lcom/android/dx/cf/code/Frame;II)V @ 765
Event: 6.033 Thread 0x000000000a537000 Uncommon trap: reason=null_assert action=make_not_entrant pc=0x0000000002ba0440 method=com.android.dx.cf.code.RopperMachine.hasRet()Z @ 4
Event: 6.033 Thread 0x000000000a537000 Uncommon trap: reason=unreached action=reinterpret pc=0x0000000002a1edec method=com.android.dx.util.IntList.equals(Ljava/lang/Object;)Z @ 2

Internal exceptions (10 events):
Event: 2.190 Thread 0x000000000241f000 Threw 0x00000000eda2b380 at C:\re\jdk7u45\229\hotspot\src\share\vm\prims\jvm.cpp:1244
Event: 2.913 Thread 0x000000000241f000 Threw 0x00000000ee3c5398 at C:\re\jdk7u45\229\hotspot\src\share\vm\prims\jvm.cpp:1244
Event: 2.915 Thread 0x000000000241f000 Threw 0x00000000ee3d3b60 at C:\re\jdk7u45\229\hotspot\src\share\vm\prims\jvm.cpp:1244
Event: 3.542 Thread 0x000000000a2fe800 Implicit null exception at 0x0000000002bac220 to 0x0000000002bb01a9
Event: 3.757 Thread 0x000000000a338800 Implicit null exception at 0x0000000002ba2f7b to 0x0000000002ba3961
Event: 3.803 Thread 0x000000000a538000 Implicit null exception at 0x0000000002bed95f to 0x0000000002bef9c9
Event: 6.031 Thread 0x000000000a537000 Threw 0x00000000f3c48e08 at C:\re\jdk7u45\229\hotspot\src\share\vm\prims\jvm.cpp:1244
Event: 6.033 Thread 0x000000000a537000 Threw 0x00000000f3c53930 at C:\re\jdk7u45\229\hotspot\src\share\vm\prims\jvm.cpp:1244
Event: 6.033 Thread 0x000000000a537000 Threw 0x00000000f3c563d0 at C:\re\jdk7u45\229\hotspot\src\share\vm\prims\jvm.cpp:1244
Event: 6.034 Thread 0x000000000a537000 Threw 0x00000000f3c5de18 at C:\re\jdk7u45\229\hotspot\src\share\vm\prims\jvm.cpp:1244

Events (10 events):
Event: 6.033 Thread 0x000000000a537000 DEOPT UNPACKING pc=0x00000000029775a4 sp=0x000000000ae4ed18 mode 2
Event: 6.033 Thread 0x000000000a537000 Uncommon trap: trap_request=0xffffffad fr.pc=0x0000000002a1edec
Event: 6.033 Thread 0x000000000a537000 DEOPT PACKING pc=0x0000000002a1edec sp=0x000000000ae4ec50
Event: 6.033 Thread 0x000000000a537000 DEOPT UNPACKING pc=0x00000000029775a4 sp=0x000000000ae4eb70 mode 2
Event: 6.033 loading class 0x000000000a3f9210
Event: 6.033 loading class 0x000000000a3f9210 done
Event: 6.033 loading class 0x000000000a3f5230
Event: 6.033 loading class 0x000000000a3f5230 done
Event: 6.034 loading class 0x000000000a3f9290
Event: 6.034 loading class 0x000000000a3f9290 done


Dynamic libraries:
0x000000013fad0000 - 0x000000013fb03000 	C:\Program Files\Java\jdk1.7.0_45\bin\java.exe
0x0000000077c40000 - 0x0000000077de8000 	C:\windows\SYSTEM32\ntdll.dll
0x0000000077a20000 - 0x0000000077b3f000 	C:\windows\system32\kernel32.dll
0x000007fefd7f0000 - 0x000007fefd85c000 	C:\windows\system32\KERNELBASE.dll
0x000007fefdfc0000 - 0x000007fefe09b000 	C:\windows\system32\ADVAPI32.dll
0x000007feffd60000 - 0x000007feffdff000 	C:\windows\system32\msvcrt.dll
0x000007feffe00000 - 0x000007feffe1f000 	C:\windows\SYSTEM32\sechost.dll
0x000007feff370000 - 0x000007feff49d000 	C:\windows\system32\RPCRT4.dll
0x0000000077b40000 - 0x0000000077c3a000 	C:\windows\system32\USER32.dll
0x000007feff4a0000 - 0x000007feff507000 	C:\windows\system32\GDI32.dll
0x000007fefde50000 - 0x000007fefde5e000 	C:\windows\system32\LPK.dll
0x000007fefde60000 - 0x000007fefdf29000 	C:\windows\system32\USP10.dll
0x000007fefbad0000 - 0x000007fefbcc4000 	C:\windows\WinSxS\amd64_microsoft.windows.common-controls_6595b64144ccf1df_6.0.7601.18837_none_fa3b1e3d17594757\COMCTL32.dll
0x000007feff510000 - 0x000007feff581000 	C:\windows\system32\SHLWAPI.dll
0x000007feffe20000 - 0x000007feffe4e000 	C:\windows\system32\IMM32.DLL
0x000007fefe0a0000 - 0x000007fefe1a9000 	C:\windows\system32\MSCTF.dll
0x000000005b4a0000 - 0x000000005b572000 	C:\Program Files\Java\jdk1.7.0_45\jre\bin\msvcr100.dll
0x0000000056a60000 - 0x0000000057229000 	C:\Program Files\Java\jdk1.7.0_45\jre\bin\server\jvm.dll
0x000007fef2ec0000 - 0x000007fef2ec9000 	C:\windows\system32\WSOCK32.dll
0x000007feff320000 - 0x000007feff36d000 	C:\windows\system32\WS2_32.dll
0x000007feff820000 - 0x000007feff828000 	C:\windows\system32\NSI.dll
0x000007fefd9a0000 - 0x000007fefd9db000 	C:\windows\system32\WINMM.dll
0x0000000077e10000 - 0x0000000077e17000 	C:\windows\system32\PSAPI.DLL
0x000000006eb00000 - 0x000000006eb0f000 	C:\Program Files\Java\jdk1.7.0_45\jre\bin\verify.dll
0x000000006e1e0000 - 0x000000006e208000 	C:\Program Files\Java\jdk1.7.0_45\jre\bin\java.dll
0x000000005b480000 - 0x000000005b495000 	C:\Program Files\Java\jdk1.7.0_45\jre\bin\zip.dll
0x000000005a6f0000 - 0x000000005a709000 	C:\Program Files\Java\jdk1.7.0_45\jre\bin\net.dll
0x000007fefcf60000 - 0x000007fefcfb5000 	C:\windows\system32\mswsock.dll
0x000007fefcf50000 - 0x000007fefcf57000 	C:\windows\System32\wship6.dll
0x000000005b460000 - 0x000000005b471000 	C:\Program Files\Java\jdk1.7.0_45\jre\bin\nio.dll

VM Arguments:
jvm_args: -Djava.awt.headless=true -Xmx1024M -Dfile.encoding=GBK -Duser.country=CN -Duser.language=zh -Duser.variant 
java_command: com.android.dx.command.Main --dex --num-threads=4 --output C:\Users\Android\Desktop\snv\AngelDoctor\app\build\intermediates\pre-dexed\release\CCP_REST_SDK_JAVA_v2.7r_2f361d1b9ba63d39cc6c21e17310d8e3a3a4100b.jar C:\Users\Android\Desktop\snv\AngelDoctor\app\src\main\libs\CCP_REST_SDK_JAVA_v2.7r.jar
Launcher Type: SUN_STANDARD

Environment Variables:
JAVA_HOME=E:\Program Files\Java\jdk1.8.0_45
CLASSPATH=.;E:\Program Files\Java\jdk1.8.0_45\lib
PATH=C:\ProgramData\Oracle\Java\javapath;C:\Program Files (x86)\Intel\iCLS Client\;C:\Program Files\Intel\iCLS Client\;C:\windows\system32;C:\windows;C:\windows\System32\Wbem;C:\windows\System32\WindowsPowerShell\v1.0\;C:\Program Files\Intel\Intel(R) Management Engine Components\DAL;C:\Program Files\Intel\Intel(R) Management Engine Components\IPT;C:\Program Files (x86)\Intel\Intel(R) Management Engine Components\DAL;C:\Program Files (x86)\Intel\Intel(R) Management Engine Components\IPT;E:\Program Files\Java\jdk1.8.0_45\bin;D:\sdk\tools;D:\sdk\platform-tools;D:\apache-ant-1.9.4\bin;E:\Program Files\Java\jdk1.8.0_45\bin; ;C:\Program Files (x86)\Common Files\ThinPrint\;E:\android-ndk-r10c;E:\Program Files (x86)\Subversion\bin;C:\Program Files\TortoiseSVN\bin
USERNAME=Android
OS=Windows_NT
PROCESSOR_IDENTIFIER=Intel64 Family 6 Model 45 Stepping 7, GenuineIntel



---------------  S Y S T E M  ---------------

OS: Windows 7 , 64 bit Build 7601 Service Pack 1

CPU:total 4 (4 cores per cpu, 1 threads per core) family 6 model 45 stepping 7, cmov, cx8, fxsr, mmx, sse, sse2, sse3, ssse3, sse4.1, sse4.2, popcnt, avx, aes, tsc, tscinvbit, tscinv

Memory: 4k page, physical 8313796k(1167220k free), swap 8311944k(5760k free)

vm_info: Java HotSpot(TM) 64-Bit Server VM (24.45-b08) for windows-amd64 JRE (1.7.0_45-b18), built on Oct  8 2013 05:47:22 by "java_re" with unknown MS VC++:1600

time: Thu Sep 22 20:05:55 2016
elapsed time: 6 seconds

